<?xml version="1.0" encoding="UTF-8"?>
<!-- Generated by org.testng.reporters.JUnitXMLReporter -->
<testsuite hostname="DESKTOP-VNQ4076" ignored="0" name="Test" tests="22" failures="3" timestamp="2020-12-17T10:36:44 ART" time="688.296" errors="0">
  <testcase name="buscarPoliza" time="20.873" classname="pruebas.PortalProductoresTest"/>
  <testcase name="buscarPoliza" time="20.434" classname="pruebas.PortalProductoresTest"/>
  <testcase name="buscarPoliza" time="20.481" classname="pruebas.PortalProductoresTest"/>
  <testcase name="buscarPoliza" time="20.754" classname="pruebas.PortalProductoresTest"/>
  <testcase name="consultarCotizaciones" time="25.111" classname="pruebas.PortalProductoresTest"/>
  <testcase name="crearCotizacionAccidente" time="46.491" classname="pruebas.PortalProductoresTest"/>
  <testcase name="crearCotizacionAccidente" time="46.632" classname="pruebas.PortalProductoresTest"/>
  <testcase name="crearCotizacionAccidente" time="46.248" classname="pruebas.PortalProductoresTest"/>
  <testcase name="crearCotizacionAccidente" time="45.954" classname="pruebas.PortalProductoresTest"/>
  <testcase name="crearCotizacionCNPVie" time="39.793" classname="pruebas.PortalProductoresTest"/>
  <testcase name="crearCotizacionColectivaCM" time="29.732" classname="pruebas.PortalProductoresTest"/>
  <testcase name="crearCotizacionColectivaCM" time="32.242" classname="pruebas.PortalProductoresTest"/>
  <testcase name="crearCotizacionColectivaLCT" time="12.362" classname="pruebas.PortalProductoresTest">
    <failure type="java.lang.ArrayIndexOutOfBoundsException" message="3">
      <![CDATA[java.lang.ArrayIndexOutOfBoundsException: 3
at pruebas.PortalProductoresTest.crearCotizacionColectivaLCT(PortalProductoresTest.java:279)
at java.util.ArrayList.forEach(Unknown Source)
... Removed 27 stack frames]]>
    </failure>
  </testcase> <!-- crearCotizacionColectivaLCT -->
  <testcase name="crearCotizacionColectivaLCT" time="12.412" classname="pruebas.PortalProductoresTest">
    <failure type="java.lang.ArrayIndexOutOfBoundsException" message="3">
      <![CDATA[java.lang.ArrayIndexOutOfBoundsException: 3
at pruebas.PortalProductoresTest.crearCotizacionColectivaLCT(PortalProductoresTest.java:279)
at java.util.ArrayList.forEach(Unknown Source)
... Removed 27 stack frames]]>
    </failure>
  </testcase> <!-- crearCotizacionColectivaLCT -->
  <testcase name="crearCotizacionConfiance" time="39.02" classname="pruebas.PortalProductoresTest"/>
  <testcase name="crearCotizacionTresor" time="38.623" classname="pruebas.PortalProductoresTest"/>
  <testcase name="descargarCotizaciones" time="26.074" classname="pruebas.PortalProductoresTest"/>
  <testcase name="detallesPolizaVigente" time="25.72" classname="pruebas.PortalProductoresTest"/>
  <testcase name="detallesPolizaVigente" time="4.91" classname="pruebas.PortalProductoresTest">
    <failure type="org.openqa.selenium.ElementClickInterceptedException" message="element click intercepted: Element &amp;lt;span&amp;gt;...&amp;lt;/span&amp;gt; is not clickable at point (262, 122). Other element would receive the click: &amp;lt;div class=&amp;quot;modal fade in&amp;quot; id=&amp;quot;loading&amp;quot; role=&amp;quot;dialog&amp;quot; aria-labelledby=&amp;quot;myModalLabel&amp;quot; style=&amp;quot;z-index: 99999 !important; display: block;&amp;quot;&amp;gt;...&amp;lt;/div&amp;gt;
  (Session info: chrome=87.0.4280.88)
Build info: version: &amp;apos;4.0.0-alpha-6&amp;apos;, revision: &amp;apos;5f43a29cfc&amp;apos;
System info: host: &amp;apos;DESKTOP-VNQ4076&amp;apos;, ip: &amp;apos;192.168.56.82&amp;apos;, os.name: &amp;apos;Windows 10&amp;apos;, os.arch: &amp;apos;amd64&amp;apos;, os.version: &amp;apos;10.0&amp;apos;, java.version: &amp;apos;1.8.0_241&amp;apos;
Driver info: org.openqa.selenium.chrome.ChromeDriver
Capabilities {acceptInsecureCerts: false, browserName: chrome, browserVersion: 87.0.4280.88, chrome: {chromedriverVersion: 86.0.4240.22 (398b0743353ff..., userDataDir: C:\Users\admin\AppData\Loca...}, goog:chromeOptions: {debuggerAddress: localhost:60250}, javascriptEnabled: true, networkConnectionEnabled: false, pageLoadStrategy: normal, platform: WINDOWS, platformName: WINDOWS, proxy: Proxy(), setWindowRect: true, strictFileInteractability: false, timeouts: {implicit: 0, pageLoad: 300000, script: 30000}, unhandledPromptBehavior: dismiss and notify, webauthn:virtualAuthenticators: true}
Session ID: 8671b94bff0632399a7bebb1885e862a">
      <![CDATA[org.openqa.selenium.ElementClickInterceptedException: element click intercepted: Element <span>...</span> is not clickable at point (262, 122). Other element would receive the click: <div class="modal fade in" id="loading" role="dialog" aria-labelledby="myModalLabel" style="z-index: 99999 !important; display: block;">...</div>
  (Session info: chrome=87.0.4280.88)
Build info: version: '4.0.0-alpha-6', revision: '5f43a29cfc'
System info: host: 'DESKTOP-VNQ4076', ip: '192.168.56.82', os.name: 'Windows 10', os.arch: 'amd64', os.version: '10.0', java.version: '1.8.0_241'
Driver info: org.openqa.selenium.chrome.ChromeDriver
Capabilities {acceptInsecureCerts: false, browserName: chrome, browserVersion: 87.0.4280.88, chrome: {chromedriverVersion: 86.0.4240.22 (398b0743353ff..., userDataDir: C:\Users\admin\AppData\Loca...}, goog:chromeOptions: {debuggerAddress: localhost:60250}, javascriptEnabled: true, networkConnectionEnabled: false, pageLoadStrategy: normal, platform: WINDOWS, platformName: WINDOWS, proxy: Proxy(), setWindowRect: true, strictFileInteractability: false, timeouts: {implicit: 0, pageLoad: 300000, script: 30000}, unhandledPromptBehavior: dismiss and notify, webauthn:virtualAuthenticators: true}
Session ID: 8671b94bff0632399a7bebb1885e862a
at org.openqa.selenium.remote.codec.w3c.W3CHttpResponseCodec.createException(W3CHttpResponseCodec.java:196)
at org.openqa.selenium.remote.codec.w3c.W3CHttpResponseCodec.decode(W3CHttpResponseCodec.java:129)
at org.openqa.selenium.remote.codec.w3c.W3CHttpResponseCodec.decode(W3CHttpResponseCodec.java:53)
at org.openqa.selenium.remote.HttpCommandExecutor.execute(HttpCommandExecutor.java:160)
at org.openqa.selenium.remote.service.DriverCommandExecutor.execute(DriverCommandExecutor.java:83)
at org.openqa.selenium.remote.RemoteWebDriver.execute(RemoteWebDriver.java:582)
at org.openqa.selenium.remote.RemoteWebElement.execute(RemoteWebElement.java:316)
at org.openqa.selenium.remote.RemoteWebElement.click(RemoteWebElement.java:85)
at org.openqa.selenium.support.pagefactory.internal.LocatingElementHandler.invoke(LocatingElementHandler.java:52)
at com.sun.proxy.$Proxy14.click(Unknown Source)
at PortalProductores.Menu.clicOnPolizas(Menu.java:38)
at pruebas.PortalProductoresTest.realizaBusqueda(PortalProductoresTest.java:101)
at pruebas.PortalProductoresTest.detallesPolizaVigente(PortalProductoresTest.java:128)
at java.util.ArrayList.forEach(Unknown Source)
... Removed 34 stack frames]]>
    </failure>
  </testcase> <!-- detallesPolizaVigente -->
  <testcase name="excluirCotizacion" time="19.427" classname="pruebas.PortalProductoresTest"/>
  <testcase name="modificarConductoPagoTomador" time="46.724" classname="pruebas.PortalProductoresTest"/>
  <testcase name="modificarDomicilioTomador" time="68.115" classname="pruebas.PortalProductoresTest"/>
</testsuite> <!-- Test -->
